 #hydrostatic equilibrium dump
 #alt/km p/mbar Tgas/K
   1.0000000000000000        913.33852274662650        282.00000000000000     
   2.0000000000000000        778.57228131148906        275.00000000000000     
   3.0000000000000000        665.37105840947675        269.00000000000000     
   4.0000000000000000        563.58322993869569        262.00000000000000     
   5.0000000000000000        480.92841269475053        256.00000000000000     
   6.0000000000000000        406.35046457366383        249.00000000000000     
   7.0000000000000000        344.42793258354050        243.00000000000000     
   8.0000000000000000        289.78588402407320        236.00000000000000     
   9.0000000000000000        244.59606426347770        230.00000000000000     
   10.000000000000000        206.64295978132097        225.00000000000000     
   11.000000000000000        176.71642501027731        221.00000000000000     
   12.000000000000000        152.79362509686169        220.00000000000000     
   13.000000000000000        131.98527939850399        219.00000000000000     
   14.000000000000000        114.04089572085228        218.00000000000000     
   15.000000000000000        98.563260751811086        217.00000000000000     
   16.000000000000000        85.766757394999075        217.00000000000000     
   17.000000000000000        74.798313037184400        217.00000000000000     
   18.000000000000000        65.028789425775003        217.00000000000000     
   19.000000000000000        56.667780013644276        217.00000000000000     
   20.000000000000000        49.445554944865840        217.00000000000000     
   21.000000000000000        43.291203114247203        218.00000000000000     
   22.000000000000000        37.834382618223458        219.00000000000000     
   23.000000000000000        33.267733598941355        220.00000000000000     
   24.000000000000000        29.176821709081697        221.00000000000000     
   25.000000000000000        25.599381448304765        222.00000000000000     
   26.000000000000000        22.450409635260463        223.00000000000000     
   27.000000000000000        19.698962665808878        224.00000000000000     
   28.000000000000000        17.288716302818738        225.00000000000000     
   29.000000000000000        15.183961940333756        226.00000000000000     
   30.000000000000000        13.320102780563058        227.00000000000000     
   31.000000000000000        11.783550411654767        229.00000000000000     
   32.000000000000000        10.431819829824441        231.00000000000000     
   33.000000000000000        9.2350736956506196        233.00000000000000     
   34.000000000000000        8.1687597025291154        235.00000000000000     
   35.000000000000000        7.2269551028886356        237.00000000000000     
   36.000000000000000        6.4330942905048314        239.00000000000000     
   37.000000000000000        5.7251690526704246        242.00000000000000     
   38.000000000000000        5.1431584576000349        245.00000000000000     
   39.000000000000000        4.5828386672233989        248.00000000000000     
   40.000000000000000        4.0811979396631637        250.00000000000000     
   41.000000000000000        3.6515162237808210        253.00000000000000     
   42.000000000000000        3.2705824198761611        256.00000000000000     
   43.000000000000000        2.9333535595518256        259.00000000000000     
   44.000000000000000        2.6243835649403238        261.00000000000000     
   45.000000000000000        2.3592405098321438        264.00000000000000     
   46.000000000000000        2.1168821244190381        267.00000000000000     
   47.000000000000000        1.8768031064060424        268.00000000000000     
   48.000000000000000        1.6608830437802942        269.00000000000000     
   49.000000000000000        1.4786101622895746        271.00000000000000     
   50.000000000000000        1.2951880857278939        271.00000000000000     
   51.000000000000000        1.1334792302733199        271.00000000000000     
   52.000000000000000       0.96505791712166900        268.00000000000000     
   53.000000000000000       0.82630913443528409        266.00000000000000     
   54.000000000000000       0.70412960378817602        264.00000000000000     
   55.000000000000000       0.59877850527033161        261.00000000000000     
   56.000000000000000       0.50975944733884671        259.00000000000000     
   57.000000000000000       0.43489518257448162        256.00000000000000     
   58.000000000000000       0.37115271170547459        254.00000000000000     
   59.000000000000000       0.31671545095492104        252.00000000000000     
   60.000000000000000       0.26300403156469904        247.00000000000000     
